<?xml version="1.0" encoding="UTF-8"?>
<testng-results ignored="0" total="2" passed="2" failed="0" skipped="0">
  <reporter-output>
  </reporter-output>
  <suite started-at="2022-10-14T03:20:44 IST" name="Default suite" finished-at="2022-10-14T03:21:46 IST" duration-ms="62669">
    <groups>
    </groups>
    <test started-at="2022-10-14T03:20:44 IST" name="Default test" finished-at="2022-10-14T03:21:46 IST" duration-ms="62669">
      <class name="com.testing.AadharFullTest">
        <test-method is-config="true" signature="startBrowser()[pri:0, instance:com.testing.AadharFullTest@66f57048]" started-at="2022-10-14T03:20:44 IST" name="startBrowser" finished-at="2022-10-14T03:20:51 IST" duration-ms="7436" status="PASS">
          <reporter-output>
          </reporter-output>
        </test-method> <!-- startBrowser -->
        <test-method signature="citizenpage()[pri:1, instance:com.testing.AadharFullTest@66f57048]" started-at="2022-10-14T03:20:51 IST" name="citizenpage" finished-at="2022-10-14T03:21:33 IST" duration-ms="42393" status="PASS">
          <reporter-output>
          </reporter-output>
        </test-method> <!-- citizenpage -->
        <test-method signature="adminpage()[pri:2, instance:com.testing.AadharFullTest@66f57048]" started-at="2022-10-14T03:21:34 IST" name="adminpage" finished-at="2022-10-14T03:21:41 IST" duration-ms="7383" status="PASS">
          <reporter-output>
          </reporter-output>
        </test-method> <!-- adminpage -->
        <test-method is-config="true" signature="stopBrowser()[pri:0, instance:com.testing.AadharFullTest@66f57048]" started-at="2022-10-14T03:21:41 IST" name="stopBrowser" finished-at="2022-10-14T03:21:46 IST" duration-ms="5382" status="PASS">
          <reporter-output>
          </reporter-output>
        </test-method> <!-- stopBrowser -->
      </class> <!-- com.testing.AadharFullTest -->
    </test> <!-- Default test -->
  </suite> <!-- Default suite -->
</testng-results>
